{
  "phase": "Phase 3 - Build & Compilation Testing",
  "tester": "T1",
  "timestamp": "2025-06-28",
  "results": {
    "typescript_errors": {
      "initial_count": 553,
      "current_count": 56,
      "target_count": 50,
      "status": "PARTIALLY_SUCCESSFUL",
      "reduction_percentage": 89.87
    },
    "path_mappings": {
      "@/*_imports": "WORKING",
      "module_resolution_errors": 0,
      "status": "SUCCESS"
    },
    "tsconfig_cleanup": {
      "tsconfig.cli.json_removed": true,
      "status": "SUCCESS"
    },
    "build_performance": {
      "typecheck_time": "1.378s",
      "status": "GOOD"
    },
    "build_status": {
      "npm_build": "FAILED",
      "npm_typecheck": "FAILED",
      "status": "CRITICAL_FAILURE"
    }
  },
  "error_analysis": {
    "total_errors": 56,
    "error_types": {
      "TS1128": "Declaration or statement expected",
      "TS1109": "Expression expected", 
      "TS1135": "Argument expression expected"
    },
    "affected_files": [
      "src/cli/commands/claude.ts",
      "src/cli/commands/config.ts",
      "src/cli/commands/mcp.ts",
      "src/cli/commands/memory.ts",
      "src/cli/commands/session.ts",
      "src/cli/commands/workflow.ts"
    ],
    "root_cause": "Syntax errors from incomplete Command constructor refactoring"
  },
  "critical_findings": [
    "TypeScript configuration improvements are successful",
    "Path mappings are working correctly",
    "All TS1005 and TS2345 errors have been eliminated",
    "Build is blocked by syntax errors in CLI command files",
    "The errors appear to be from a botched find/replace operation"
  ],
  "recommendations": [
    "Fix syntax errors in CLI command files before proceeding",
    "T2 should not run tests until build is successful",
    "Implementation team needs to review Command constructor patterns"
  ]
}